
/home/runner/work/exp-one-time-pad-iiith/exp-one-time-pad-iiith/experiment/simulation/js/educational_dataset.js
   19:10  warning  'loadScenario' is defined but never used         no-unused-vars
   73:10  warning  'checkUserPrediction' is defined but never used  no-unused-vars
  162:10  warning  'encryptDemo' is defined but never used          no-unused-vars

/home/runner/work/exp-one-time-pad-iiith/exp-one-time-pad-iiith/experiment/simulation/js/mobile-detection.js
  440:7   warning  'mobileDetection' is assigned a value but never used  no-unused-vars
  443:38  warning  'module' is not defined                               no-undef
  444:3   warning  'module' is not defined                               no-undef

/home/runner/work/exp-one-time-pad-iiith/exp-one-time-pad-iiith/experiment/simulation/js/vernam.js
    2:5   warning  'current_encryption' is assigned a value but never used  no-unused-vars
   49:10  warning  'EQV' is defined but never used                          no-unused-vars
   57:10  warning  'AND' is defined but never used                          no-unused-vars
   65:10  warning  'Vernam_Encrypt' is defined but never used               no-unused-vars
   96:10  warning  'Vernam_Decrypt' is defined but never used               no-unused-vars
  142:8   warning  'i' is not defined                                       no-undef
  142:15  warning  'i' is not defined                                       no-undef
  142:31  warning  'i' is not defined                                       no-undef
  143:20  warning  'i' is not defined                                       no-undef
  152:10  warning  'Vernam_RandKey' is defined but never used               no-unused-vars
  173:10  warning  'equalProbabilitySequence' is defined but never used     no-unused-vars
  174:3   warning  'randomSeq' is not defined                               no-undef
  175:3   warning  'equalProbSeq' is not defined                            no-undef
  175:39  warning  'randomSeq' is not defined                               no-undef
  176:3   warning  'seq' is not defined                                     no-undef
  177:8   warning  'i' is not defined                                       no-undef
  177:15  warning  'i' is not defined                                       no-undef
  177:24  warning  'i' is not defined                                       no-undef
  178:5   warning  'seq' is not defined                                     no-undef
  178:12  warning  'equalProbSeq' is not defined                            no-undef
  178:32  warning  'i' is not defined                                       no-undef
  180:10  warning  'seq' is not defined                                     no-undef
  185:8   warning  'i' is not defined                                       no-undef
  185:15  warning  'i' is not defined                                       no-undef
  185:35  warning  'i' is not defined                                       no-undef
  186:27  warning  'i' is not defined                                       no-undef
  229:10  warning  'next_plain_text' is defined but never used              no-unused-vars
  234:10  warning  'next_key' is defined but never used                     no-unused-vars
  235:3   warning  'key_len' is not defined                                 no-undef
  236:70  warning  'key_len' is not defined                                 no-undef
  239:10  warning  'check_key' is defined but never used                    no-unused-vars
  247:8   warning  'i' is not defined                                       no-undef
  247:15  warning  'i' is not defined                                       no-undef
  247:31  warning  'i' is not defined                                       no-undef
  248:20  warning  'i' is not defined                                       no-undef
  250:27  warning  'i' is not defined                                       no-undef
  265:10  warning  'Encrypt_p' is defined but never used                    no-unused-vars
  277:10  warning  'Next_Vernam_Test' is defined but never used             no-unused-vars
  280:3   warning  'key_len' is not defined                                 no-undef
  281:70  warning  'key_len' is not defined                                 no-undef
  285:10  warning  'next_binary_num' is defined but never used              no-unused-vars
  308:9   warning  'temp_binary_num' is already defined                     no-redeclare
  318:10  warning  'generate_all_pairs' is defined but never used           no-unused-vars
  350:10  warning  'checkAnswer' is defined but never used                  no-unused-vars

✖ 50 problems (0 errors, 50 warnings)

